<?xml version="1.0" encoding="UTF-8"?>
<testsuite name="urinalsTest" tests="1" skipped="0" failures="0" errors="0" timestamp="2022-10-27T20:14:09" hostname="DESKTOP-L2IO0BL" time="0.016">
  <properties/>
  <testcase name="isGoodStringTest()" classname="urinalsTest" time="0.016"/>
  <system-out><![CDATA[]]></system-out>
  <system-err><![CDATA[]]></system-err>
</testsuite>
