<?xml version="1.0" encoding="UTF-8"?>
<testsuite name="UrinalsTest" tests="1" skipped="0" failures="0" errors="0" timestamp="2022-10-28T00:42:40" hostname="DESKTOP-L2IO0BL" time="0.015">
  <properties/>
  <testcase name="isGoodStringTest()" classname="UrinalsTest" time="0.015"/>
  <system-out><![CDATA[====== Neev Umeshkumar Shah == TEST ONE EXECUTED =======
]]></system-out>
  <system-err><![CDATA[]]></system-err>
</testsuite>
