<?xml version="1.0" encoding="UTF-8"?>
<testsuite name="UrinalsTest" tests="5" skipped="0" failures="0" errors="0" timestamp="2022-10-28T05:58:41" hostname="DESKTOP-L2IO0BL" time="0.03">
  <properties/>
  <testcase name="isGoodStringTest()" classname="UrinalsTest" time="0.019"/>
  <testcase name="ReadFileTest_FileFound()" classname="UrinalsTest" time="0.002"/>
  <testcase name="ReadFileTest_FileNotFoundException()" classname="UrinalsTest" time="0.002"/>
  <testcase name="countUrinalsTest()" classname="UrinalsTest" time="0.001"/>
  <testcase name="createFileTest()" classname="UrinalsTest" time="0.003"/>
  <system-out><![CDATA[====== Neev Umeshkumar Shah == TEST ONE EXECUTED =======
====== Neev Umeshkumar Shah == TEST FOUR EXECUTED =======
====== Neev Umeshkumar Shah == TEST THREE EXECUTED =======
====== Neev Umeshkumar Shah == TEST TWO EXECUTED =======
]]></system-out>
  <system-err><![CDATA[]]></system-err>
</testsuite>
