<?xml version="1.0" encoding="UTF-8"?>
<testsuite name="UrinalsTest" tests="2" skipped="0" failures="0" errors="0" timestamp="2022-10-28T00:25:45" hostname="DESKTOP-L2IO0BL" time="0.019">
  <properties/>
  <testcase name="isGoodStringTest()" classname="UrinalsTest" time="0.017"/>
  <testcase name="countUrinalsTest()" classname="UrinalsTest" time="0.002"/>
  <system-out><![CDATA[====== Neev Umeshkumar Shah == TEST ONE EXECUTED =======
====== Neev Umeshkumar Shah == TEST TWO EXECUTED =======
]]></system-out>
  <system-err><![CDATA[]]></system-err>
</testsuite>
