<?xml version="1.0" encoding="UTF-8"?>
<testsuite name="UrinalsTest" tests="1" skipped="0" failures="0" errors="0" timestamp="2022-10-28T03:27:52" hostname="DESKTOP-L2IO0BL" time="0.016">
  <properties/>
  <testcase name="ReadFileTest_FileFound()" classname="UrinalsTest" time="0.016"/>
  <system-out><![CDATA[]]></system-out>
  <system-err><![CDATA[]]></system-err>
</testsuite>
